<?xml version="1.0" encoding="UTF-8"?>
<testng-results ignored="0" total="8" passed="8" failed="0" skipped="0">
  <reporter-output>
  </reporter-output>
  <suite started-at="2025-09-21T19:00:02 IST" name="Default suite" finished-at="2025-09-21T19:00:12 IST" duration-ms="9984">
    <groups>
      <group name="cucumber">
        <method signature="AbstractTestNGCucumberTests.runScenario(io.cucumber.testng.PickleWrapper,io.cucumber.testng.FeatureWrapper)[pri:0, instance:testRunners.sampleTR@7530ad9c]" name="runScenario" class="io.cucumber.testng.AbstractTestNGCucumberTests"/>
      </group> <!-- cucumber -->
    </groups>
    <test started-at="2025-09-21T19:00:02 IST" name="Default test" finished-at="2025-09-21T19:00:12 IST" duration-ms="9984">
      <class name="testRunners.sampleTR">
        <test-method is-config="true" signature="setUpClass(org.testng.ITestContext)[pri:0, instance:testRunners.sampleTR@7530ad9c]" started-at="2025-09-21T19:00:02 IST" name="setUpClass" finished-at="2025-09-21T19:00:02 IST" duration-ms="545" status="PASS">
          <params>
            <param index="0">
              <value>
                <![CDATA[org.testng.TestRunner@760cf594]]>
              </value>
            </param>
          </params>
          <reporter-output>
          </reporter-output>
        </test-method> <!-- setUpClass -->
        <test-method signature="runScenario(io.cucumber.testng.PickleWrapper,io.cucumber.testng.FeatureWrapper)[pri:0, instance:testRunners.sampleTR@7530ad9c]" started-at="2025-09-21T19:00:02 IST" name="runScenario" description="Runs Cucumber Scenarios" data-provider="scenarios" finished-at="2025-09-21T19:00:10 IST" duration-ms="7877" status="PASS">
          <params>
            <param index="0">
              <value>
                <![CDATA["RedBus homepage loads properly"]]>
              </value>
            </param>
            <param index="1">
              <value>
                <![CDATA["Sample feature to demonstrate"]]>
              </value>
            </param>
          </params>
          <reporter-output>
          </reporter-output>
        </test-method> <!-- runScenario -->
        <test-method signature="runScenario(io.cucumber.testng.PickleWrapper,io.cucumber.testng.FeatureWrapper)[pri:0, instance:testRunners.sampleTR@7530ad9c]" started-at="2025-09-21T19:00:02 IST" name="runScenario" description="Runs Cucumber Scenarios" data-provider="scenarios" finished-at="2025-09-21T19:00:11 IST" duration-ms="8947" status="PASS">
          <params>
            <param index="0">
              <value>
                <![CDATA["RedBus homepage loads properly"]]>
              </value>
            </param>
            <param index="1">
              <value>
                <![CDATA["Sample feature to demonstrate"]]>
              </value>
            </param>
          </params>
          <reporter-output>
          </reporter-output>
        </test-method> <!-- runScenario -->
        <test-method signature="runScenario(io.cucumber.testng.PickleWrapper,io.cucumber.testng.FeatureWrapper)[pri:0, instance:testRunners.sampleTR@7530ad9c]" started-at="2025-09-21T19:00:02 IST" name="runScenario" description="Runs Cucumber Scenarios" data-provider="scenarios" finished-at="2025-09-21T19:00:10 IST" duration-ms="7610" status="PASS">
          <params>
            <param index="0">
              <value>
                <![CDATA["RedBus homepage loads properly"]]>
              </value>
            </param>
            <param index="1">
              <value>
                <![CDATA["Sample feature to demonstrate"]]>
              </value>
            </param>
          </params>
          <reporter-output>
          </reporter-output>
        </test-method> <!-- runScenario -->
        <test-method signature="runScenario(io.cucumber.testng.PickleWrapper,io.cucumber.testng.FeatureWrapper)[pri:0, instance:testRunners.sampleTR@7530ad9c]" started-at="2025-09-21T19:00:02 IST" name="runScenario" description="Runs Cucumber Scenarios" data-provider="scenarios" finished-at="2025-09-21T19:00:10 IST" duration-ms="7626" status="PASS">
          <params>
            <param index="0">
              <value>
                <![CDATA["RedBus homepage loads properly"]]>
              </value>
            </param>
            <param index="1">
              <value>
                <![CDATA["Sample feature to demonstrate"]]>
              </value>
            </param>
          </params>
          <reporter-output>
          </reporter-output>
        </test-method> <!-- runScenario -->
        <test-method signature="runScenario(io.cucumber.testng.PickleWrapper,io.cucumber.testng.FeatureWrapper)[pri:0, instance:testRunners.sampleTR@7530ad9c]" started-at="2025-09-21T19:00:02 IST" name="runScenario" description="Runs Cucumber Scenarios" data-provider="scenarios" finished-at="2025-09-21T19:00:11 IST" duration-ms="9090" status="PASS">
          <params>
            <param index="0">
              <value>
                <![CDATA["RedBus homepage loads properly"]]>
              </value>
            </param>
            <param index="1">
              <value>
                <![CDATA["Sample feature to demonstrate"]]>
              </value>
            </param>
          </params>
          <reporter-output>
          </reporter-output>
        </test-method> <!-- runScenario -->
        <test-method signature="runScenario(io.cucumber.testng.PickleWrapper,io.cucumber.testng.FeatureWrapper)[pri:0, instance:testRunners.sampleTR@7530ad9c]" started-at="2025-09-21T19:00:02 IST" name="runScenario" description="Runs Cucumber Scenarios" data-provider="scenarios" finished-at="2025-09-21T19:00:10 IST" duration-ms="7621" status="PASS">
          <params>
            <param index="0">
              <value>
                <![CDATA["RedBus homepage loads properly"]]>
              </value>
            </param>
            <param index="1">
              <value>
                <![CDATA["Sample feature to demonstrate"]]>
              </value>
            </param>
          </params>
          <reporter-output>
          </reporter-output>
        </test-method> <!-- runScenario -->
        <test-method signature="runScenario(io.cucumber.testng.PickleWrapper,io.cucumber.testng.FeatureWrapper)[pri:0, instance:testRunners.sampleTR@7530ad9c]" started-at="2025-09-21T19:00:02 IST" name="runScenario" description="Runs Cucumber Scenarios" data-provider="scenarios" finished-at="2025-09-21T19:00:10 IST" duration-ms="7810" status="PASS">
          <params>
            <param index="0">
              <value>
                <![CDATA["RedBus homepage loads properly"]]>
              </value>
            </param>
            <param index="1">
              <value>
                <![CDATA["Sample feature to demonstrate"]]>
              </value>
            </param>
          </params>
          <reporter-output>
          </reporter-output>
        </test-method> <!-- runScenario -->
        <test-method signature="runScenario(io.cucumber.testng.PickleWrapper,io.cucumber.testng.FeatureWrapper)[pri:0, instance:testRunners.sampleTR@7530ad9c]" started-at="2025-09-21T19:00:02 IST" name="runScenario" description="Runs Cucumber Scenarios" data-provider="scenarios" finished-at="2025-09-21T19:00:10 IST" duration-ms="7610" status="PASS">
          <params>
            <param index="0">
              <value>
                <![CDATA["RedBus homepage loads properly"]]>
              </value>
            </param>
            <param index="1">
              <value>
                <![CDATA["Sample feature to demonstrate"]]>
              </value>
            </param>
          </params>
          <reporter-output>
          </reporter-output>
        </test-method> <!-- runScenario -->
        <test-method is-config="true" signature="tearDownClass()[pri:0, instance:testRunners.sampleTR@7530ad9c]" started-at="2025-09-21T19:00:11 IST" name="tearDownClass" finished-at="2025-09-21T19:00:12 IST" duration-ms="318" status="PASS">
          <reporter-output>
          </reporter-output>
        </test-method> <!-- tearDownClass -->
      </class> <!-- testRunners.sampleTR -->
    </test> <!-- Default test -->
  </suite> <!-- Default suite -->
</testng-results>
